<?xml version="1.0" encoding="UTF-8"?>
<!-- Generated by org.testng.reporters.JUnitReportReporter -->
<testsuite hostname="ebnew-001" name="cn.ebnewTest.login.functionLoginTest" tests="3" failures="0" timestamp="1 Apr 2016 02:39:42 GMT" time="0.011" errors="0">
  <testcase name="login1" time="0.008" classname="cn.ebnewTest.login.functionLoginTest"/>
  <testcase name="login2" time="0.001" classname="cn.ebnewTest.login.functionLoginTest"/>
  <testcase name="login3" time="0.002" classname="cn.ebnewTest.login.functionLoginTest"/>
</testsuite> <!-- cn.ebnewTest.login.functionLoginTest -->
